2025-12-25T21:27:57.463186+00:00 run=2ecaafb3bf7f45f48147f2affec3657e start
2025-12-25T21:27:57.463442+00:00 run=2ecaafb3bf7f45f48147f2affec3657e target start baseUrl=https://mmsbaba.com pageLimit=1 mode=details
Traceback (most recent call last):
  File "/Library/Frameworks/Python.framework/Versions/3.12/lib/python3.12/urllib/request.py", line 1344, in do_open
    h.request(req.get_method(), req.selector, req.data, headers,
  File "/Library/Frameworks/Python.framework/Versions/3.12/lib/python3.12/http/client.py", line 1336, in request
    self._send_request(method, url, body, headers, encode_chunked)
  File "/Library/Frameworks/Python.framework/Versions/3.12/lib/python3.12/http/client.py", line 1382, in _send_request
    self.endheaders(body, encode_chunked=encode_chunked)
  File "/Library/Frameworks/Python.framework/Versions/3.12/lib/python3.12/http/client.py", line 1331, in endheaders
    self._send_output(message_body, encode_chunked=encode_chunked)
  File "/Library/Frameworks/Python.framework/Versions/3.12/lib/python3.12/http/client.py", line 1091, in _send_output
    self.send(msg)
  File "/Library/Frameworks/Python.framework/Versions/3.12/lib/python3.12/http/client.py", line 1035, in send
    self.connect()
  File "/Library/Frameworks/Python.framework/Versions/3.12/lib/python3.12/http/client.py", line 1477, in connect
    self.sock = self._context.wrap_socket(self.sock,
                ^^^^^^^^^^^^^^^^^^^^^^^^^^^^^^^^^^^^
  File "/Library/Frameworks/Python.framework/Versions/3.12/lib/python3.12/ssl.py", line 455, in wrap_socket
    return self.sslsocket_class._create(
           ^^^^^^^^^^^^^^^^^^^^^^^^^^^^^
  File "/Library/Frameworks/Python.framework/Versions/3.12/lib/python3.12/ssl.py", line 1041, in _create
    self.do_handshake()
  File "/Library/Frameworks/Python.framework/Versions/3.12/lib/python3.12/ssl.py", line 1319, in do_handshake
    self._sslobj.do_handshake()
ssl.SSLCertVerificationError: [SSL: CERTIFICATE_VERIFY_FAILED] certificate verify failed: unable to get local issuer certificate (_ssl.c:1000)

During handling of the above exception, another exception occurred:

Traceback (most recent call last):
  File "/Volumes/NewVolume/RanMac/Programming/NextJs/web-tiktok-clone/python-scraper/main.py", line 1435, in <module>
    extract_details(listing.get('posts', []))
  File "/Volumes/NewVolume/RanMac/Programming/NextJs/web-tiktok-clone/python-scraper/main.py", line 1367, in extract_details
    driver = uc.Chrome(options=options)
             ^^^^^^^^^^^^^^^^^^^^^^^^^^
  File "/Library/Frameworks/Python.framework/Versions/3.12/lib/python3.12/site-packages/undetected_chromedriver/__init__.py", line 258, in __init__
    self.patcher.auto()
  File "/Library/Frameworks/Python.framework/Versions/3.12/lib/python3.12/site-packages/undetected_chromedriver/patcher.py", line 175, in auto
    release = self.fetch_release_number()
              ^^^^^^^^^^^^^^^^^^^^^^^^^^^
  File "/Library/Frameworks/Python.framework/Versions/3.12/lib/python3.12/site-packages/undetected_chromedriver/patcher.py", line 250, in fetch_release_number
    with urlopen(self.url_repo + path) as conn:
         ^^^^^^^^^^^^^^^^^^^^^^^^^^^^^
  File "/Library/Frameworks/Python.framework/Versions/3.12/lib/python3.12/urllib/request.py", line 215, in urlopen
    return opener.open(url, data, timeout)
           ^^^^^^^^^^^^^^^^^^^^^^^^^^^^^^^
  File "/Library/Frameworks/Python.framework/Versions/3.12/lib/python3.12/urllib/request.py", line 515, in open
    response = self._open(req, data)
               ^^^^^^^^^^^^^^^^^^^^^
  File "/Library/Frameworks/Python.framework/Versions/3.12/lib/python3.12/urllib/request.py", line 532, in _open
    result = self._call_chain(self.handle_open, protocol, protocol +
             ^^^^^^^^^^^^^^^^^^^^^^^^^^^^^^^^^^^^^^^^^^^^^^^^^^^^^^^
  File "/Library/Frameworks/Python.framework/Versions/3.12/lib/python3.12/urllib/request.py", line 492, in _call_chain
    result = func(*args)
             ^^^^^^^^^^^
  File "/Library/Frameworks/Python.framework/Versions/3.12/lib/python3.12/urllib/request.py", line 1392, in https_open
    return self.do_open(http.client.HTTPSConnection, req,
           ^^^^^^^^^^^^^^^^^^^^^^^^^^^^^^^^^^^^^^^^^^^^^^
  File "/Library/Frameworks/Python.framework/Versions/3.12/lib/python3.12/urllib/request.py", line 1347, in do_open
    raise URLError(err)
urllib.error.URLError: <urlopen error [SSL: CERTIFICATE_VERIFY_FAILED] certificate verify failed: unable to get local issuer certificate (_ssl.c:1000)>
2025-12-25T21:28:00.392436+00:00 run=2ecaafb3bf7f45f48147f2affec3657e target done exit=1
2025-12-25T21:28:00.394440+00:00 run=2ecaafb3bf7f45f48147f2affec3657e succeeded
2025-12-25T21:43:11.743491+00:00 run=427decd0004043c9bdc81989f70364b6 start
2025-12-25T21:43:11.744080+00:00 run=427decd0004043c9bdc81989f70364b6 target start baseUrl=https://example.com pageLimit=1 mode=scrape
2025-12-25T21:43:25.273959+00:00 run=427decd0004043c9bdc81989f70364b6 target done exit=0
2025-12-25T21:43:25.276488+00:00 run=427decd0004043c9bdc81989f70364b6 succeeded
2025-12-25T21:52:15.527559+00:00 run=09381ddbaacf4d0bbc26959a7d59ddf4 start
2025-12-25T21:52:15.528656+00:00 run=09381ddbaacf4d0bbc26959a7d59ddf4 target start baseUrl=https://mmsbaba.com pageLimit=5 mode=details
Traceback (most recent call last):
  File "/Library/Frameworks/Python.framework/Versions/3.12/lib/python3.12/urllib/request.py", line 1344, in do_open
    h.request(req.get_method(), req.selector, req.data, headers,
  File "/Library/Frameworks/Python.framework/Versions/3.12/lib/python3.12/http/client.py", line 1336, in request
    self._send_request(method, url, body, headers, encode_chunked)
  File "/Library/Frameworks/Python.framework/Versions/3.12/lib/python3.12/http/client.py", line 1382, in _send_request
    self.endheaders(body, encode_chunked=encode_chunked)
  File "/Library/Frameworks/Python.framework/Versions/3.12/lib/python3.12/http/client.py", line 1331, in endheaders
    self._send_output(message_body, encode_chunked=encode_chunked)
  File "/Library/Frameworks/Python.framework/Versions/3.12/lib/python3.12/http/client.py", line 1091, in _send_output
    self.send(msg)
  File "/Library/Frameworks/Python.framework/Versions/3.12/lib/python3.12/http/client.py", line 1035, in send
    self.connect()
  File "/Library/Frameworks/Python.framework/Versions/3.12/lib/python3.12/http/client.py", line 1477, in connect
    self.sock = self._context.wrap_socket(self.sock,
                ^^^^^^^^^^^^^^^^^^^^^^^^^^^^^^^^^^^^
  File "/Library/Frameworks/Python.framework/Versions/3.12/lib/python3.12/ssl.py", line 455, in wrap_socket
    return self.sslsocket_class._create(
           ^^^^^^^^^^^^^^^^^^^^^^^^^^^^^
  File "/Library/Frameworks/Python.framework/Versions/3.12/lib/python3.12/ssl.py", line 1041, in _create
    self.do_handshake()
  File "/Library/Frameworks/Python.framework/Versions/3.12/lib/python3.12/ssl.py", line 1319, in do_handshake
    self._sslobj.do_handshake()
ssl.SSLCertVerificationError: [SSL: CERTIFICATE_VERIFY_FAILED] certificate verify failed: unable to get local issuer certificate (_ssl.c:1000)

During handling of the above exception, another exception occurred:

Traceback (most recent call last):
  File "/Volumes/NewVolume/RanMac/Programming/NextJs/web-tiktok-clone/python-scraper/main.py", line 1636, in <module>
    extract_details(listing.get('posts', []))
  File "/Volumes/NewVolume/RanMac/Programming/NextJs/web-tiktok-clone/python-scraper/main.py", line 1559, in extract_details
    driver = uc.Chrome(options=options)
             ^^^^^^^^^^^^^^^^^^^^^^^^^^
  File "/Library/Frameworks/Python.framework/Versions/3.12/lib/python3.12/site-packages/undetected_chromedriver/__init__.py", line 258, in __init__
    self.patcher.auto()
  File "/Library/Frameworks/Python.framework/Versions/3.12/lib/python3.12/site-packages/undetected_chromedriver/patcher.py", line 175, in auto
    release = self.fetch_release_number()
              ^^^^^^^^^^^^^^^^^^^^^^^^^^^
  File "/Library/Frameworks/Python.framework/Versions/3.12/lib/python3.12/site-packages/undetected_chromedriver/patcher.py", line 250, in fetch_release_number
    with urlopen(self.url_repo + path) as conn:
         ^^^^^^^^^^^^^^^^^^^^^^^^^^^^^
  File "/Library/Frameworks/Python.framework/Versions/3.12/lib/python3.12/urllib/request.py", line 215, in urlopen
    return opener.open(url, data, timeout)
           ^^^^^^^^^^^^^^^^^^^^^^^^^^^^^^^
  File "/Library/Frameworks/Python.framework/Versions/3.12/lib/python3.12/urllib/request.py", line 515, in open
    response = self._open(req, data)
               ^^^^^^^^^^^^^^^^^^^^^
  File "/Library/Frameworks/Python.framework/Versions/3.12/lib/python3.12/urllib/request.py", line 532, in _open
    result = self._call_chain(self.handle_open, protocol, protocol +
             ^^^^^^^^^^^^^^^^^^^^^^^^^^^^^^^^^^^^^^^^^^^^^^^^^^^^^^^
  File "/Library/Frameworks/Python.framework/Versions/3.12/lib/python3.12/urllib/request.py", line 492, in _call_chain
    result = func(*args)
             ^^^^^^^^^^^
  File "/Library/Frameworks/Python.framework/Versions/3.12/lib/python3.12/urllib/request.py", line 1392, in https_open
    return self.do_open(http.client.HTTPSConnection, req,
           ^^^^^^^^^^^^^^^^^^^^^^^^^^^^^^^^^^^^^^^^^^^^^^
  File "/Library/Frameworks/Python.framework/Versions/3.12/lib/python3.12/urllib/request.py", line 1347, in do_open
    raise URLError(err)
urllib.error.URLError: <urlopen error [SSL: CERTIFICATE_VERIFY_FAILED] certificate verify failed: unable to get local issuer certificate (_ssl.c:1000)>
2025-12-25T21:52:23.351550+00:00 run=09381ddbaacf4d0bbc26959a7d59ddf4 target done exit=1
2025-12-25T21:52:23.353759+00:00 run=09381ddbaacf4d0bbc26959a7d59ddf4 succeeded
2025-12-25T22:17:06.396137+00:00 run=78dfb8c91ac94bb48cca9df20c274183 start
2025-12-25T22:17:06.399628+00:00 run=78dfb8c91ac94bb48cca9df20c274183 target start baseUrl=https://mmsbaba.com pageLimit=3 mode=details
{"count": 1}
Skip auto publish: AUTO_PUBLISH!=1
2025-12-25T22:17:32.854781+00:00 run=78dfb8c91ac94bb48cca9df20c274183 target done exit=0
2025-12-25T22:17:32.857304+00:00 run=78dfb8c91ac94bb48cca9df20c274183 succeeded
2025-12-25T22:32:00.352969+00:00 run=924d064817a84b4ca3f228c30f6c0d98 start
2025-12-25T22:32:00.353700+00:00 run=924d064817a84b4ca3f228c30f6c0d98 target start baseUrl=https://mmsbaba.com pageLimit=3 mode=details
{"count": 0}
Skip auto publish: AUTO_PUBLISH!=1
2025-12-25T22:32:04.520219+00:00 run=924d064817a84b4ca3f228c30f6c0d98 target done exit=0
2025-12-25T22:32:04.521463+00:00 run=924d064817a84b4ca3f228c30f6c0d98 succeeded
2025-12-25T22:33:22.667931+00:00 run=63935b9f654d4771ab82fda23cef9a2c start
2025-12-25T22:33:22.668560+00:00 run=63935b9f654d4771ab82fda23cef9a2c target start baseUrl=https://mmsbaba.com pageLimit=3 mode=scrape
2025-12-25T22:36:10.489657+00:00 run=63935b9f654d4771ab82fda23cef9a2c target done exit=0
2025-12-25T22:36:10.493825+00:00 run=63935b9f654d4771ab82fda23cef9a2c succeeded
2025-12-25T23:12:34.964941+00:00 run=bbbcbc2bd4fa48d4ad160dc32fe79afc start
2025-12-25T23:12:34.969256+00:00 run=bbbcbc2bd4fa48d4ad160dc32fe79afc target start baseUrl=https://mmsbaba.com pageLimit=1 mode=details
{"count": 0}
Skip auto publish: AUTO_PUBLISH!=1
2025-12-25T23:12:37.085292+00:00 run=bbbcbc2bd4fa48d4ad160dc32fe79afc target done exit=0
2025-12-25T23:12:37.095193+00:00 run=bbbcbc2bd4fa48d4ad160dc32fe79afc succeeded
2025-12-25T23:14:39.131752+00:00 run=258a2f9788ab4513814945597a9149d4 start
2025-12-25T23:14:39.132636+00:00 run=258a2f9788ab4513814945597a9149d4 target start baseUrl=https://mmsbaba.com pageLimit=1 mode=details
{"count": 100}
Skip auto publish: AUTO_PUBLISH!=1
2025-12-25T23:15:45.878692+00:00 run=258a2f9788ab4513814945597a9149d4 target done exit=0
2025-12-25T23:15:45.884110+00:00 run=258a2f9788ab4513814945597a9149d4 succeeded
2025-12-25T23:17:08.381259+00:00 run=a9f28de9e2b1474899bf9ed8105a6113 start
2025-12-25T23:17:08.382207+00:00 run=a9f28de9e2b1474899bf9ed8105a6113 target start baseUrl=https://mmsbaba.com pageLimit=1 mode=details
2025-12-25T23:17:10.191401+00:00 run=a9f28de9e2b1474899bf9ed8105a6113 listing_posts written count=100
{"count": 100}
Skip auto publish: AUTO_PUBLISH!=1
2025-12-25T23:18:15.464935+00:00 run=a9f28de9e2b1474899bf9ed8105a6113 target done exit=0
2025-12-25T23:18:15.476526+00:00 run=a9f28de9e2b1474899bf9ed8105a6113 succeeded
2025-12-25T23:34:27.787297+00:00 run=b2c383649d89421f960f886eafb9092d start
2025-12-25T23:34:27.796702+00:00 run=b2c383649d89421f960f886eafb9092d target start baseUrl=https://mmsbaba.com pageLimit=1 mode=details
2025-12-25T23:34:30.454192+00:00 run=b2c383649d89421f960f886eafb9092d listing_posts written count=100
{"count": 100}
Skip auto publish: AUTO_PUBLISH!=1
2025-12-25T23:35:35.058778+00:00 run=b2c383649d89421f960f886eafb9092d target done exit=0
2025-12-25T23:35:35.068358+00:00 run=b2c383649d89421f960f886eafb9092d succeeded
2025-12-25T23:36:30.039810+00:00 run=045e9d2d727a43dc8dc2dc9ddf0dcfeb start
2025-12-25T23:36:30.052439+00:00 run=045e9d2d727a43dc8dc2dc9ddf0dcfeb target start baseUrl=https://mmsbaba.com pageLimit=2 mode=details
2025-12-25T23:36:32.990006+00:00 run=045e9d2d727a43dc8dc2dc9ddf0dcfeb listing_posts written count=100
{"count": 100}
Skip auto publish: AUTO_PUBLISH!=1
2025-12-25T23:37:37.721456+00:00 run=045e9d2d727a43dc8dc2dc9ddf0dcfeb target done exit=0
2025-12-25T23:37:37.730523+00:00 run=045e9d2d727a43dc8dc2dc9ddf0dcfeb succeeded
2025-12-25T23:50:30.530615+00:00 run=c150c9b97d2949bc9481ecede5c6580b start
2025-12-25T23:50:30.540760+00:00 run=c150c9b97d2949bc9481ecede5c6580b target start baseUrl=https://mmsbaba.com pageLimit=196 mode=details
2025-12-25T23:53:22.411413+00:00 run=c150c9b97d2949bc9481ecede5c6580b listing_posts written count=100
{"count": 100}
Skip auto publish: AUTO_PUBLISH!=1
2025-12-25T23:54:30.332047+00:00 run=c150c9b97d2949bc9481ecede5c6580b target done exit=0
2025-12-25T23:54:30.347888+00:00 run=c150c9b97d2949bc9481ecede5c6580b succeeded
2025-12-25T23:54:30.349006+00:00 run=1d279f9bc17e41519889babd6dccc4f4 start
2025-12-25T23:54:30.349519+00:00 run=1d279f9bc17e41519889babd6dccc4f4 target start baseUrl=https://mmsbaba.com pageLimit=1 mode=scrape
2025-12-25T23:54:32.095062+00:00 run=1d279f9bc17e41519889babd6dccc4f4 target done exit=0
2025-12-25T23:54:32.101076+00:00 run=1d279f9bc17e41519889babd6dccc4f4 succeeded
2025-12-25T23:57:50.971980+00:00 run=e90fa0cedaed44a79facdfc037e1318c start
2025-12-25T23:57:50.973372+00:00 run=e90fa0cedaed44a79facdfc037e1318c target start baseUrl=https://mmsbaba.com pageLimit=196 mode=details
2025-12-26T00:00:56.556382+00:00 run=e90fa0cedaed44a79facdfc037e1318c listing_posts written count=100
{"count": 100}
Skip auto publish: AUTO_PUBLISH!=1
2025-12-26T00:02:02.591964+00:00 run=e90fa0cedaed44a79facdfc037e1318c target done exit=0
2025-12-26T00:02:02.605800+00:00 run=e90fa0cedaed44a79facdfc037e1318c succeeded
2025-12-26T00:02:02.607152+00:00 run=4bd82c402fa645e2b0ffc0888b0578f6 start
2025-12-26T00:02:02.608713+00:00 run=4bd82c402fa645e2b0ffc0888b0578f6 target start baseUrl=https://mmsbaba.com pageLimit=196 mode=details
2025-12-26T00:17:02.684795+00:00 run=4bd82c402fa645e2b0ffc0888b0578f6 target timeout after 900s
2025-12-26T00:17:02.706592+00:00 run=4bd82c402fa645e2b0ffc0888b0578f6 listing_posts written count=100
{"count": 100}
Skip auto publish: AUTO_PUBLISH!=1
2025-12-26T00:18:17.005133+00:00 run=4bd82c402fa645e2b0ffc0888b0578f6 target done exit=0
2025-12-26T00:18:17.030595+00:00 run=4bd82c402fa645e2b0ffc0888b0578f6 succeeded
2025-12-26T00:18:17.032274+00:00 run=dd6cece065b44597b45857aedcaba565 start
2025-12-26T00:18:17.035900+00:00 run=dd6cece065b44597b45857aedcaba565 target start baseUrl=https://mmsbaba.com pageLimit=196 mode=details
Skip existing: https://mmsbaba.com/sexy-desi-girl-shows-her-nude-body-18/
Skip existing: https://mmsbaba.com/desi-wife-boobs-pressing-and-fucking-4/
Skip existing: https://mmsbaba.com/desi-girl-shows-her-boobs-and-pussy-12/
Skip existing: https://mmsbaba.com/cute-desi-girl-shows-boobs-134/
Skip existing: https://mmsbaba.com/hot-desi-girl-shows-boob/
Skip existing: https://mmsbaba.com/horny-desi-bbw-bhabhi-shows-nude-body/
Skip existing: https://mmsbaba.com/horny-desi-bhabhi-shows-big-boobs-and-pussy/
Skip existing: https://mmsbaba.com/horny-desi-girl-shows-nude-body-38/
Skip existing: https://mmsbaba.com/horny-desi-bhabhi-shows-nude-body-9/
Skip existing: https://mmsbaba.com/horny-desi-girl-masturbating-81/
Skip existing: https://mmsbaba.com/shy-desi-girl-shows-and-fucking/
Skip existing: https://mmsbaba.com/desi-bhabhi-sucking-dick-7/
Skip existing: https://mmsbaba.com/sexy-desi-girl-shows-her-boobs-55/
Skip existing: https://mmsbaba.com/sexy-desi-wife-fucking-16/
Skip existing: https://mmsbaba.com/desi-randi-blowjob-and-fucking-2/
Skip existing: https://mmsbaba.com/hot-desi-bhabhi-shows-her-big-boobs/
Skip existing: https://mmsbaba.com/horny-desi-telugu-bhabhi-pissing/
Skip existing: https://mmsbaba.com/desi-bhabhi-bathing-capture-11/
Skip existing: https://mmsbaba.com/sexy-desi-wife-blowjob-and-fucking-19/
Skip existing: https://mmsbaba.com/sexy-desi-girl-wearing-cloths-after-bathing/
Skip existing: https://mmsbaba.com/horny-desi-girl-fingering-145/
Skip existing: https://mmsbaba.com/desi-girl-ridding-dick-6/
Skip existing: https://mmsbaba.com/desi-telugu-girl-blowjob-and-pussy-licking-part-2/
Skip existing: https://mmsbaba.com/desi-telugu-girl-blowjob-and-pussy-licking-part-1/
Skip existing: https://mmsbaba.com/cute-desi-girl-shows-boobs-133/
Skip existing: https://mmsbaba.com/cute-desi-girl-striping-and-shows-nude-body-part-2/
Skip existing: https://mmsbaba.com/cute-desi-girl-striping-and-shows-nude-body-part-1/
Skip existing: https://mmsbaba.com/desi-telugu-girl-pussy-licking-and-fucking/
Skip existing: https://mmsbaba.com/sexy-desi-bbw-girl-bathing/
Skip existing: https://mmsbaba.com/horny-desi-wife-fucking-7/
Skip existing: https://mmsbaba.com/sexy-desi-mal-masturbating/
Skip existing: https://mmsbaba.com/sexy-desi-girl-shows-and-masturbating/
Skip existing: https://mmsbaba.com/sexy-desi-girl-shows-and-fingering/
Skip existing: https://mmsbaba.com/desi-mallu-wife-fucking-2/
Skip existing: https://mmsbaba.com/desi-vlg-girl-sucking-dick-2/
Skip existing: https://mmsbaba.com/desi-devar-bhabhi-romance-and-fucking/
Skip existing: https://mmsbaba.com/horny-desi-girl-fingering-144/
Skip existing: https://mmsbaba.com/sexy-desi-girl-shows-her-ass/
Skip existing: https://mmsbaba.com/sexy-desi-wife-shows-nude-body/
Skip existing: https://mmsbaba.com/sexy-desi-girl-shows-her-nude-body-and-fingering-by-lover/
Skip existing: https://mmsbaba.com/cute-desi-girl-shows-boobs-132/
Skip existing: https://mmsbaba.com/sexy-desi-girl-shows-nude-body-and-bathing-part-6/
Skip existing: https://mmsbaba.com/sexy-desi-girl-shows-nude-body-and-bathing-part-5/
Skip existing: https://mmsbaba.com/sexy-desi-girl-shows-nude-body-and-bathing-part-4/
Skip existing: https://mmsbaba.com/sexy-desi-girl-shows-nude-body-and-bathing-part-3/
Skip existing: https://mmsbaba.com/sexy-desi-girl-shows-nude-body-and-bathing-part-2-2/
Skip existing: https://mmsbaba.com/sexy-desi-girl-shows-nude-body-and-bathing-part-1-2/
Skip existing: https://mmsbaba.com/desi-vlg-girl-shows-nude-body-12/
Skip existing: https://mmsbaba.com/horny-desi-bhabhi-wearing-cloths-after-bathing/
Skip existing: https://mmsbaba.com/desi-vlg-girl-shows-nude-body-11/
Skip existing: https://mmsbaba.com/desi-bhabhi-shows-boobs-15/
Skip existing: https://mmsbaba.com/desi-wife-blowjob-10/
Skip existing: https://mmsbaba.com/sexy-desi-girl-shows-nude-body-68/
Skip existing: https://mmsbaba.com/cute-desi-girl-shows-boobs-part-2-5/
Skip existing: https://mmsbaba.com/cute-desi-girl-shows-boobs-part-1-3/
Skip existing: https://mmsbaba.com/sexy-desi-girl-blowjob-and-fucking-28/
Skip existing: https://mmsbaba.com/desi-vlg-girl-sucking-dick/
Skip existing: https://mmsbaba.com/horny-desi-bhabhi-fingering-30/
Skip existing: https://mmsbaba.com/sexy-desi-girl-blowjob-and-fucking-in-doggy-style/
Skip existing: https://mmsbaba.com/sexy-desi-mal-shows-boobs-and-pussy/
Skip existing: https://mmsbaba.com/payal-gaming-youtuber-viral-mms-sex/
Skip existing: https://mmsbaba.com/sexy-desi-bhabhi-shows-boobs-8/
Skip existing: https://mmsbaba.com/punjabi-girl-threesome-fucking/
Skip existing: https://mmsbaba.com/sexy-desi-girl-shows-her-boobs-54/
Skip existing: https://mmsbaba.com/sexy-desi-girl-boobs-sucking-by-lover/
Skip existing: https://mmsbaba.com/sexy-desi-girl-blowjob-and-fucking-27/
Skip existing: https://mmsbaba.com/sexy-desi-bhabhi-blowjob-and-ridding-dick-2/
Skip existing: https://mmsbaba.com/sexy-desi-mal-shows-boobs-for-lover/
Skip existing: https://mmsbaba.com/hot-desi-girl-shows-boobs-8/
Skip existing: https://mmsbaba.com/sexy-bbw-desi-girl-bathing/
Skip existing: https://mmsbaba.com/hot-desi-girl-shows-her-boobs-7/
Skip existing: https://mmsbaba.com/cute-desi-girl-play-with-her-boobs-4/
Skip existing: https://mmsbaba.com/cute-desi-girl-shows-her-nude-body-and-fingering-2/
Skip existing: https://mmsbaba.com/sexy-desi-girl-fucking-inn-doggy-style-2/
Skip existing: https://mmsbaba.com/sexy-desi-girl-shows-big-boobs-3/
Skip existing: https://mmsbaba.com/shy-desi-girl-fucking-3/
Skip existing: https://mmsbaba.com/desi-shy-telugu-wife-fucking/
Skip existing: https://mmsbaba.com/horny-desi-bbw-tamil-wife-fucking/
Skip existing: https://mmsbaba.com/horny-desi-girl-masturbating-80/
Skip existing: https://mmsbaba.com/horny-desi-bhabhi-shows-nude-body-8/
Skip existing: https://mmsbaba.com/desi-wife-boobs-video-record-by-hubby/
Skip existing: https://mmsbaba.com/horny-desi-girl-shows-fingering-on-vc-2/
Skip existing: https://mmsbaba.com/cute-desi-girl-shows-boobs-131/
Skip existing: https://mmsbaba.com/cute-desi-girl-paly-with-her-boobs-4/
Skip existing: https://mmsbaba.com/cute-desi-girl-shows-nude-body-22/
Skip existing: https://mmsbaba.com/horny-assamese-boudi-fingering/
Skip existing: https://mmsbaba.com/horny-desi-bhabhi-shows-boobs-3/
Skip existing: https://mmsbaba.com/desi-bbw-wife-shows-nude-body/
Skip existing: https://mmsbaba.com/cute-desi-girl-nude-video-record-by-lover/
Skip existing: https://mmsbaba.com/sexy-bbw-paki-girl-shows-boobs-part-2/
Skip existing: https://mmsbaba.com/sexy-bbw-paki-girl-shows-boobs-part-1/
Skip existing: https://mmsbaba.com/sexy-desi-girl-blowjob-and-fucking-26/
Skip existing: https://mmsbaba.com/sexy-desi-girl-fucking-inn-doggy-style/
Skip existing: https://mmsbaba.com/sexy-desi-model-shows-boobs-2/
Skip existing: https://mmsbaba.com/sexy-desi-girl-bathing-shows-for-lover/
Skip existing: https://mmsbaba.com/cute-desi-girl-shows-boobs-127/
Skip existing: https://mmsbaba.com/horny-desi-vlg-girl-shows-and-fingering-part-5/
Skip existing: https://mmsbaba.com/horny-desi-vlg-girl-shows-and-fingering-part-4/
Skip existing: https://mmsbaba.com/horny-desi-vlg-girl-shows-and-fingering-part-3/
Posted: Horny Desi Vlg Girl Shows and Fingering Part 2
Skip existing: https://mmsbaba.com/sexy-desi-girl-shows-her-nude-body-18/
Skip existing: https://mmsbaba.com/desi-wife-boobs-pressing-and-fucking-4/
Skip existing: https://mmsbaba.com/desi-girl-shows-her-boobs-and-pussy-12/
Skip existing: https://mmsbaba.com/cute-desi-girl-shows-boobs-134/
Skip existing: https://mmsbaba.com/hot-desi-girl-shows-boob/
Skip existing: https://mmsbaba.com/horny-desi-bbw-bhabhi-shows-nude-body/
Skip existing: https://mmsbaba.com/horny-desi-bhabhi-shows-big-boobs-and-pussy/
Skip existing: https://mmsbaba.com/horny-desi-girl-shows-nude-body-38/
Skip existing: https://mmsbaba.com/horny-desi-bhabhi-shows-nude-body-9/
Skip existing: https://mmsbaba.com/horny-desi-girl-masturbating-81/
Skip existing: https://mmsbaba.com/shy-desi-girl-shows-and-fucking/
Skip existing: https://mmsbaba.com/desi-bhabhi-sucking-dick-7/
Skip existing: https://mmsbaba.com/sexy-desi-girl-shows-her-boobs-55/
Skip existing: https://mmsbaba.com/sexy-desi-wife-fucking-16/
Skip existing: https://mmsbaba.com/desi-randi-blowjob-and-fucking-2/
Skip existing: https://mmsbaba.com/hot-desi-bhabhi-shows-her-big-boobs/
Skip existing: https://mmsbaba.com/horny-desi-telugu-bhabhi-pissing/
Skip existing: https://mmsbaba.com/desi-bhabhi-bathing-capture-11/
Skip existing: https://mmsbaba.com/sexy-desi-wife-blowjob-and-fucking-19/
Skip existing: https://mmsbaba.com/sexy-desi-girl-wearing-cloths-after-bathing/
Skip existing: https://mmsbaba.com/horny-desi-girl-fingering-145/
Skip existing: https://mmsbaba.com/desi-girl-ridding-dick-6/
Skip existing: https://mmsbaba.com/desi-telugu-girl-blowjob-and-pussy-licking-part-2/
Skip existing: https://mmsbaba.com/desi-telugu-girl-blowjob-and-pussy-licking-part-1/
Skip existing: https://mmsbaba.com/cute-desi-girl-shows-boobs-133/
Skip existing: https://mmsbaba.com/cute-desi-girl-striping-and-shows-nude-body-part-2/
Skip existing: https://mmsbaba.com/cute-desi-girl-striping-and-shows-nude-body-part-1/
Skip existing: https://mmsbaba.com/desi-telugu-girl-pussy-licking-and-fucking/
Skip existing: https://mmsbaba.com/sexy-desi-bbw-girl-bathing/
Skip existing: https://mmsbaba.com/horny-desi-wife-fucking-7/
Skip existing: https://mmsbaba.com/sexy-desi-mal-masturbating/
Skip existing: https://mmsbaba.com/sexy-desi-girl-shows-and-masturbating/
Skip existing: https://mmsbaba.com/sexy-desi-girl-shows-and-fingering/
Skip existing: https://mmsbaba.com/desi-mallu-wife-fucking-2/
Skip existing: https://mmsbaba.com/desi-vlg-girl-sucking-dick-2/
Skip existing: https://mmsbaba.com/desi-devar-bhabhi-romance-and-fucking/
Skip existing: https://mmsbaba.com/horny-desi-girl-fingering-144/
Skip existing: https://mmsbaba.com/sexy-desi-girl-shows-her-ass/
Skip existing: https://mmsbaba.com/sexy-desi-wife-shows-nude-body/
Skip existing: https://mmsbaba.com/sexy-desi-girl-shows-her-nude-body-and-fingering-by-lover/
Skip existing: https://mmsbaba.com/cute-desi-girl-shows-boobs-132/
Skip existing: https://mmsbaba.com/sexy-desi-girl-shows-nude-body-and-bathing-part-6/
Skip existing: https://mmsbaba.com/sexy-desi-girl-shows-nude-body-and-bathing-part-5/
Skip existing: https://mmsbaba.com/sexy-desi-girl-shows-nude-body-and-bathing-part-4/
Skip existing: https://mmsbaba.com/sexy-desi-girl-shows-nude-body-and-bathing-part-3/
Skip existing: https://mmsbaba.com/sexy-desi-girl-shows-nude-body-and-bathing-part-2-2/
Skip existing: https://mmsbaba.com/sexy-desi-girl-shows-nude-body-and-bathing-part-1-2/
Skip existing: https://mmsbaba.com/desi-vlg-girl-shows-nude-body-12/
Skip existing: https://mmsbaba.com/horny-desi-bhabhi-wearing-cloths-after-bathing/
Skip existing: https://mmsbaba.com/desi-vlg-girl-shows-nude-body-11/
Skip existing: https://mmsbaba.com/desi-bhabhi-shows-boobs-15/
Skip existing: https://mmsbaba.com/desi-wife-blowjob-10/
Skip existing: https://mmsbaba.com/sexy-desi-girl-shows-nude-body-68/
Skip existing: https://mmsbaba.com/cute-desi-girl-shows-boobs-part-2-5/
Skip existing: https://mmsbaba.com/cute-desi-girl-shows-boobs-part-1-3/
Skip existing: https://mmsbaba.com/sexy-desi-girl-blowjob-and-fucking-28/
Skip existing: https://mmsbaba.com/desi-vlg-girl-sucking-dick/
Skip existing: https://mmsbaba.com/horny-desi-bhabhi-fingering-30/
Skip existing: https://mmsbaba.com/sexy-desi-girl-blowjob-and-fucking-in-doggy-style/
Skip existing: https://mmsbaba.com/sexy-desi-mal-shows-boobs-and-pussy/
Skip existing: https://mmsbaba.com/payal-gaming-youtuber-viral-mms-sex/
Skip existing: https://mmsbaba.com/sexy-desi-bhabhi-shows-boobs-8/
Skip existing: https://mmsbaba.com/punjabi-girl-threesome-fucking/
Skip existing: https://mmsbaba.com/sexy-desi-girl-shows-her-boobs-54/
Skip existing: https://mmsbaba.com/sexy-desi-girl-boobs-sucking-by-lover/
Skip existing: https://mmsbaba.com/sexy-desi-girl-blowjob-and-fucking-27/
Skip existing: https://mmsbaba.com/sexy-desi-bhabhi-blowjob-and-ridding-dick-2/
Skip existing: https://mmsbaba.com/sexy-desi-mal-shows-boobs-for-lover/
Skip existing: https://mmsbaba.com/hot-desi-girl-shows-boobs-8/
Skip existing: https://mmsbaba.com/sexy-bbw-desi-girl-bathing/
Skip existing: https://mmsbaba.com/hot-desi-girl-shows-her-boobs-7/
Skip existing: https://mmsbaba.com/cute-desi-girl-play-with-her-boobs-4/
Skip existing: https://mmsbaba.com/cute-desi-girl-shows-her-nude-body-and-fingering-2/
Skip existing: https://mmsbaba.com/sexy-desi-girl-fucking-inn-doggy-style-2/
Skip existing: https://mmsbaba.com/sexy-desi-girl-shows-big-boobs-3/
Skip existing: https://mmsbaba.com/shy-desi-girl-fucking-3/
Skip existing: https://mmsbaba.com/desi-shy-telugu-wife-fucking/
Skip existing: https://mmsbaba.com/horny-desi-bbw-tamil-wife-fucking/
Skip existing: https://mmsbaba.com/horny-desi-girl-masturbating-80/
Skip existing: https://mmsbaba.com/horny-desi-bhabhi-shows-nude-body-8/
Skip existing: https://mmsbaba.com/desi-wife-boobs-video-record-by-hubby/
Skip existing: https://mmsbaba.com/horny-desi-girl-shows-fingering-on-vc-2/
Skip existing: https://mmsbaba.com/cute-desi-girl-shows-boobs-131/
Skip existing: https://mmsbaba.com/cute-desi-girl-paly-with-her-boobs-4/
Skip existing: https://mmsbaba.com/cute-desi-girl-shows-nude-body-22/
Skip existing: https://mmsbaba.com/horny-assamese-boudi-fingering/
Skip existing: https://mmsbaba.com/horny-desi-bhabhi-shows-boobs-3/
Skip existing: https://mmsbaba.com/desi-bbw-wife-shows-nude-body/
Skip existing: https://mmsbaba.com/cute-desi-girl-nude-video-record-by-lover/
Skip existing: https://mmsbaba.com/sexy-bbw-paki-girl-shows-boobs-part-2/
Skip existing: https://mmsbaba.com/sexy-bbw-paki-girl-shows-boobs-part-1/
Skip existing: https://mmsbaba.com/sexy-desi-girl-blowjob-and-fucking-26/
Skip existing: https://mmsbaba.com/sexy-desi-girl-fucking-inn-doggy-style/
Skip existing: https://mmsbaba.com/sexy-desi-model-shows-boobs-2/
Skip existing: https://mmsbaba.com/sexy-desi-girl-bathing-shows-for-lover/
Skip existing: https://mmsbaba.com/cute-desi-girl-shows-boobs-127/
Skip existing: https://mmsbaba.com/horny-desi-vlg-girl-shows-and-fingering-part-5/
Skip existing: https://mmsbaba.com/horny-desi-vlg-girl-shows-and-fingering-part-4/
Skip existing: https://mmsbaba.com/horny-desi-vlg-girl-shows-and-fingering-part-3/
Posted: Horny Desi Vlg Girl Shows and Fingering Part 2
Skip existing: https://mmsbaba.com/sexy-desi-girl-shows-her-nude-body-18/
Skip existing: https://mmsbaba.com/desi-wife-boobs-pressing-and-fucking-4/
Skip existing: https://mmsbaba.com/desi-girl-shows-her-boobs-and-pussy-12/
Skip existing: https://mmsbaba.com/cute-desi-girl-shows-boobs-134/
Skip existing: https://mmsbaba.com/hot-desi-girl-shows-boob/
Skip existing: https://mmsbaba.com/horny-desi-bbw-bhabhi-shows-nude-body/
Skip existing: https://mmsbaba.com/horny-desi-bhabhi-shows-big-boobs-and-pussy/
Skip existing: https://mmsbaba.com/horny-desi-girl-shows-nude-body-38/
Skip existing: https://mmsbaba.com/horny-desi-bhabhi-shows-nude-body-9/
Skip existing: https://mmsbaba.com/horny-desi-girl-masturbating-81/
Skip existing: https://mmsbaba.com/shy-desi-girl-shows-and-fucking/
Skip existing: https://mmsbaba.com/desi-bhabhi-sucking-dick-7/
Skip existing: https://mmsbaba.com/sexy-desi-girl-shows-her-boobs-55/
Skip existing: https://mmsbaba.com/sexy-desi-wife-fucking-16/
Skip existing: https://mmsbaba.com/desi-randi-blowjob-and-fucking-2/
Skip existing: https://mmsbaba.com/hot-desi-bhabhi-shows-her-big-boobs/
Skip existing: https://mmsbaba.com/horny-desi-telugu-bhabhi-pissing/
Skip existing: https://mmsbaba.com/desi-bhabhi-bathing-capture-11/
Skip existing: https://mmsbaba.com/sexy-desi-wife-blowjob-and-fucking-19/
Skip existing: https://mmsbaba.com/sexy-desi-girl-wearing-cloths-after-bathing/
Skip existing: https://mmsbaba.com/horny-desi-girl-fingering-145/
Skip existing: https://mmsbaba.com/desi-girl-ridding-dick-6/
Skip existing: https://mmsbaba.com/desi-telugu-girl-blowjob-and-pussy-licking-part-2/
Skip existing: https://mmsbaba.com/desi-telugu-girl-blowjob-and-pussy-licking-part-1/
Skip existing: https://mmsbaba.com/cute-desi-girl-shows-boobs-133/
Skip existing: https://mmsbaba.com/cute-desi-girl-striping-and-shows-nude-body-part-2/
Skip existing: https://mmsbaba.com/cute-desi-girl-striping-and-shows-nude-body-part-1/
Skip existing: https://mmsbaba.com/desi-telugu-girl-pussy-licking-and-fucking/
Skip existing: https://mmsbaba.com/sexy-desi-bbw-girl-bathing/
Skip existing: https://mmsbaba.com/horny-desi-wife-fucking-7/
Skip existing: https://mmsbaba.com/sexy-desi-mal-masturbating/
Skip existing: https://mmsbaba.com/sexy-desi-girl-shows-and-masturbating/
Skip existing: https://mmsbaba.com/sexy-desi-girl-shows-and-fingering/
Skip existing: https://mmsbaba.com/desi-mallu-wife-fucking-2/
Skip existing: https://mmsbaba.com/desi-vlg-girl-sucking-dick-2/
Skip existing: https://mmsbaba.com/desi-devar-bhabhi-romance-and-fucking/
Skip existing: https://mmsbaba.com/horny-desi-girl-fingering-144/
Skip existing: https://mmsbaba.com/sexy-desi-girl-shows-her-ass/
Skip existing: https://mmsbaba.com/sexy-desi-wife-shows-nude-body/
Skip existing: https://mmsbaba.com/sexy-desi-girl-shows-her-nude-body-and-fingering-by-lover/
Skip existing: https://mmsbaba.com/cute-desi-girl-shows-boobs-132/
Skip existing: https://mmsbaba.com/sexy-desi-girl-shows-nude-body-and-bathing-part-6/
Skip existing: https://mmsbaba.com/sexy-desi-girl-shows-nude-body-and-bathing-part-5/
Skip existing: https://mmsbaba.com/sexy-desi-girl-shows-nude-body-and-bathing-part-4/
Skip existing: https://mmsbaba.com/sexy-desi-girl-shows-nude-body-and-bathing-part-3/
Skip existing: https://mmsbaba.com/sexy-desi-girl-shows-nude-body-and-bathing-part-2-2/
Skip existing: https://mmsbaba.com/sexy-desi-girl-shows-nude-body-and-bathing-part-1-2/
Skip existing: https://mmsbaba.com/desi-vlg-girl-shows-nude-body-12/
Skip existing: https://mmsbaba.com/horny-desi-bhabhi-wearing-cloths-after-bathing/
Skip existing: https://mmsbaba.com/desi-vlg-girl-shows-nude-body-11/
Skip existing: https://mmsbaba.com/desi-bhabhi-shows-boobs-15/
Skip existing: https://mmsbaba.com/desi-wife-blowjob-10/
Skip existing: https://mmsbaba.com/sexy-desi-girl-shows-nude-body-68/
Skip existing: https://mmsbaba.com/cute-desi-girl-shows-boobs-part-2-5/
Skip existing: https://mmsbaba.com/cute-desi-girl-shows-boobs-part-1-3/
Skip existing: https://mmsbaba.com/sexy-desi-girl-blowjob-and-fucking-28/
Skip existing: https://mmsbaba.com/desi-vlg-girl-sucking-dick/
Skip existing: https://mmsbaba.com/horny-desi-bhabhi-fingering-30/
Skip existing: https://mmsbaba.com/sexy-desi-girl-blowjob-and-fucking-in-doggy-style/
Skip existing: https://mmsbaba.com/sexy-desi-mal-shows-boobs-and-pussy/
Skip existing: https://mmsbaba.com/payal-gaming-youtuber-viral-mms-sex/
Skip existing: https://mmsbaba.com/sexy-desi-bhabhi-shows-boobs-8/
Skip existing: https://mmsbaba.com/punjabi-girl-threesome-fucking/
Skip existing: https://mmsbaba.com/sexy-desi-girl-shows-her-boobs-54/
Skip existing: https://mmsbaba.com/sexy-desi-girl-boobs-sucking-by-lover/
Skip existing: https://mmsbaba.com/sexy-desi-girl-blowjob-and-fucking-27/
Skip existing: https://mmsbaba.com/sexy-desi-bhabhi-blowjob-and-ridding-dick-2/
Skip existing: https://mmsbaba.com/sexy-desi-mal-shows-boobs-for-lover/
Skip existing: https://mmsbaba.com/hot-desi-girl-shows-boobs-8/
Skip existing: https://mmsbaba.com/sexy-bbw-desi-girl-bathing/
Skip existing: https://mmsbaba.com/hot-desi-girl-shows-her-boobs-7/
Skip existing: https://mmsbaba.com/cute-desi-girl-play-with-her-boobs-4/
Skip existing: https://mmsbaba.com/cute-desi-girl-shows-her-nude-body-and-fingering-2/
Skip existing: https://mmsbaba.com/sexy-desi-girl-fucking-inn-doggy-style-2/
Skip existing: https://mmsbaba.com/sexy-desi-girl-shows-big-boobs-3/
Skip existing: https://mmsbaba.com/shy-desi-girl-fucking-3/
Skip existing: https://mmsbaba.com/desi-shy-telugu-wife-fucking/
Skip existing: https://mmsbaba.com/horny-desi-bbw-tamil-wife-fucking/
Skip existing: https://mmsbaba.com/horny-desi-girl-masturbating-80/
Skip existing: https://mmsbaba.com/horny-desi-bhabhi-shows-nude-body-8/
Skip existing: https://mmsbaba.com/desi-wife-boobs-video-record-by-hubby/
Skip existing: https://mmsbaba.com/horny-desi-girl-shows-fingering-on-vc-2/
Skip existing: https://mmsbaba.com/cute-desi-girl-shows-boobs-131/
Skip existing: https://mmsbaba.com/cute-desi-girl-paly-with-her-boobs-4/
Skip existing: https://mmsbaba.com/cute-desi-girl-shows-nude-body-22/
Skip existing: https://mmsbaba.com/horny-assamese-boudi-fingering/
Skip existing: https://mmsbaba.com/horny-desi-bhabhi-shows-boobs-3/
Skip existing: https://mmsbaba.com/desi-bbw-wife-shows-nude-body/
Skip existing: https://mmsbaba.com/cute-desi-girl-nude-video-record-by-lover/
Skip existing: https://mmsbaba.com/sexy-bbw-paki-girl-shows-boobs-part-2/
Skip existing: https://mmsbaba.com/sexy-bbw-paki-girl-shows-boobs-part-1/
Skip existing: https://mmsbaba.com/sexy-desi-girl-blowjob-and-fucking-26/
Skip existing: https://mmsbaba.com/sexy-desi-girl-fucking-inn-doggy-style/
Skip existing: https://mmsbaba.com/sexy-desi-model-shows-boobs-2/
Skip existing: https://mmsbaba.com/sexy-desi-girl-bathing-shows-for-lover/
Skip existing: https://mmsbaba.com/cute-desi-girl-shows-boobs-127/
Skip existing: https://mmsbaba.com/horny-desi-vlg-girl-shows-and-fingering-part-5/
Skip existing: https://mmsbaba.com/horny-desi-vlg-girl-shows-and-fingering-part-4/
Skip existing: https://mmsbaba.com/horny-desi-vlg-girl-shows-and-fingering-part-3/
Posted: Horny Desi Vlg Girl Shows and Fingering Part 2
2025-12-26T01:13:28.809855+00:00 run=043444ca0f26428d896310819a892436 start
2025-12-26T01:13:28.816320+00:00 run=043444ca0f26428d896310819a892436 target start baseUrl=https://mmsbaba.com pageLimit=196 maxPosts=0 mode=details
2025-12-26T01:28:28.860581+00:00 run=043444ca0f26428d896310819a892436 target timeout after 900s
2025-12-26T01:28:28.891359+00:00 run=043444ca0f26428d896310819a892436 listing_posts written count=390
Skip existing: https://mmsbaba.com/sexy-desi-girl-shows-her-nude-body-18/
Skip existing: https://mmsbaba.com/desi-wife-boobs-pressing-and-fucking-4/
Skip existing: https://mmsbaba.com/desi-girl-shows-her-boobs-and-pussy-12/
Skip existing: https://mmsbaba.com/cute-desi-girl-shows-boobs-134/
Skip existing: https://mmsbaba.com/hot-desi-girl-shows-boob/
Skip existing: https://mmsbaba.com/horny-desi-bbw-bhabhi-shows-nude-body/
Skip existing: https://mmsbaba.com/horny-desi-bhabhi-shows-big-boobs-and-pussy/
Skip existing: https://mmsbaba.com/horny-desi-girl-shows-nude-body-38/
Skip existing: https://mmsbaba.com/horny-desi-bhabhi-shows-nude-body-9/
Skip existing: https://mmsbaba.com/horny-desi-girl-masturbating-81/
Skip existing: https://mmsbaba.com/shy-desi-girl-shows-and-fucking/
Skip existing: https://mmsbaba.com/desi-bhabhi-sucking-dick-7/
Skip existing: https://mmsbaba.com/sexy-desi-girl-shows-her-boobs-55/
Skip existing: https://mmsbaba.com/sexy-desi-wife-fucking-16/
Skip existing: https://mmsbaba.com/desi-randi-blowjob-and-fucking-2/
Skip existing: https://mmsbaba.com/hot-desi-bhabhi-shows-her-big-boobs/
Skip existing: https://mmsbaba.com/horny-desi-telugu-bhabhi-pissing/
Skip existing: https://mmsbaba.com/desi-bhabhi-bathing-capture-11/
Skip existing: https://mmsbaba.com/sexy-desi-wife-blowjob-and-fucking-19/
Skip existing: https://mmsbaba.com/sexy-desi-girl-wearing-cloths-after-bathing/
Skip existing: https://mmsbaba.com/horny-desi-girl-fingering-145/
Skip existing: https://mmsbaba.com/desi-girl-ridding-dick-6/
Skip existing: https://mmsbaba.com/desi-telugu-girl-blowjob-and-pussy-licking-part-2/
Skip existing: https://mmsbaba.com/desi-telugu-girl-blowjob-and-pussy-licking-part-1/
Skip existing: https://mmsbaba.com/cute-desi-girl-shows-boobs-133/
Skip existing: https://mmsbaba.com/cute-desi-girl-striping-and-shows-nude-body-part-2/
Skip existing: https://mmsbaba.com/cute-desi-girl-striping-and-shows-nude-body-part-1/
Skip existing: https://mmsbaba.com/desi-telugu-girl-pussy-licking-and-fucking/
Skip existing: https://mmsbaba.com/sexy-desi-bbw-girl-bathing/
Skip existing: https://mmsbaba.com/horny-desi-wife-fucking-7/
Skip existing: https://mmsbaba.com/sexy-desi-mal-masturbating/
Skip existing: https://mmsbaba.com/sexy-desi-girl-shows-and-masturbating/
Skip existing: https://mmsbaba.com/sexy-desi-girl-shows-and-fingering/
Skip existing: https://mmsbaba.com/desi-mallu-wife-fucking-2/
Skip existing: https://mmsbaba.com/desi-vlg-girl-sucking-dick-2/
Skip existing: https://mmsbaba.com/desi-devar-bhabhi-romance-and-fucking/
Skip existing: https://mmsbaba.com/horny-desi-girl-fingering-144/
Skip existing: https://mmsbaba.com/sexy-desi-girl-shows-her-ass/
Skip existing: https://mmsbaba.com/sexy-desi-wife-shows-nude-body/
Skip existing: https://mmsbaba.com/sexy-desi-girl-shows-her-nude-body-and-fingering-by-lover/
Skip existing: https://mmsbaba.com/cute-desi-girl-shows-boobs-132/
Skip existing: https://mmsbaba.com/sexy-desi-girl-shows-nude-body-and-bathing-part-6/
Skip existing: https://mmsbaba.com/sexy-desi-girl-shows-nude-body-and-bathing-part-5/
Skip existing: https://mmsbaba.com/sexy-desi-girl-shows-nude-body-and-bathing-part-4/
Skip existing: https://mmsbaba.com/sexy-desi-girl-shows-nude-body-and-bathing-part-3/
Skip existing: https://mmsbaba.com/sexy-desi-girl-shows-nude-body-and-bathing-part-2-2/
Skip existing: https://mmsbaba.com/sexy-desi-girl-shows-nude-body-and-bathing-part-1-2/
Skip existing: https://mmsbaba.com/desi-vlg-girl-shows-nude-body-12/
Skip existing: https://mmsbaba.com/horny-desi-bhabhi-wearing-cloths-after-bathing/
Skip existing: https://mmsbaba.com/desi-vlg-girl-shows-nude-body-11/
Skip existing: https://mmsbaba.com/desi-bhabhi-shows-boobs-15/
Skip existing: https://mmsbaba.com/desi-wife-blowjob-10/
Skip existing: https://mmsbaba.com/sexy-desi-girl-shows-nude-body-68/
Skip existing: https://mmsbaba.com/cute-desi-girl-shows-boobs-part-2-5/
Skip existing: https://mmsbaba.com/cute-desi-girl-shows-boobs-part-1-3/
Skip existing: https://mmsbaba.com/sexy-desi-girl-blowjob-and-fucking-28/
Skip existing: https://mmsbaba.com/desi-vlg-girl-sucking-dick/
Skip existing: https://mmsbaba.com/horny-desi-bhabhi-fingering-30/
Skip existing: https://mmsbaba.com/sexy-desi-girl-blowjob-and-fucking-in-doggy-style/
Skip existing: https://mmsbaba.com/sexy-desi-mal-shows-boobs-and-pussy/
Skip existing: https://mmsbaba.com/payal-gaming-youtuber-viral-mms-sex/
Skip existing: https://mmsbaba.com/sexy-desi-bhabhi-shows-boobs-8/
Skip existing: https://mmsbaba.com/punjabi-girl-threesome-fucking/
Skip existing: https://mmsbaba.com/sexy-desi-girl-shows-her-boobs-54/
Skip existing: https://mmsbaba.com/sexy-desi-girl-boobs-sucking-by-lover/
Skip existing: https://mmsbaba.com/sexy-desi-girl-blowjob-and-fucking-27/
Skip existing: https://mmsbaba.com/sexy-desi-bhabhi-blowjob-and-ridding-dick-2/
Skip existing: https://mmsbaba.com/sexy-desi-mal-shows-boobs-for-lover/
Skip existing: https://mmsbaba.com/hot-desi-girl-shows-boobs-8/
Skip existing: https://mmsbaba.com/sexy-bbw-desi-girl-bathing/
Skip existing: https://mmsbaba.com/hot-desi-girl-shows-her-boobs-7/
Skip existing: https://mmsbaba.com/cute-desi-girl-play-with-her-boobs-4/
Skip existing: https://mmsbaba.com/cute-desi-girl-shows-her-nude-body-and-fingering-2/
Skip existing: https://mmsbaba.com/sexy-desi-girl-fucking-inn-doggy-style-2/
Skip existing: https://mmsbaba.com/sexy-desi-girl-shows-big-boobs-3/
Skip existing: https://mmsbaba.com/shy-desi-girl-fucking-3/
Skip existing: https://mmsbaba.com/desi-shy-telugu-wife-fucking/
Skip existing: https://mmsbaba.com/horny-desi-bbw-tamil-wife-fucking/
Skip existing: https://mmsbaba.com/horny-desi-girl-masturbating-80/
Skip existing: https://mmsbaba.com/horny-desi-bhabhi-shows-nude-body-8/
Skip existing: https://mmsbaba.com/desi-wife-boobs-video-record-by-hubby/
Skip existing: https://mmsbaba.com/horny-desi-girl-shows-fingering-on-vc-2/
Skip existing: https://mmsbaba.com/cute-desi-girl-shows-boobs-131/
Skip existing: https://mmsbaba.com/cute-desi-girl-paly-with-her-boobs-4/
Skip existing: https://mmsbaba.com/cute-desi-girl-shows-nude-body-22/
Skip existing: https://mmsbaba.com/horny-assamese-boudi-fingering/
Skip existing: https://mmsbaba.com/horny-desi-bhabhi-shows-boobs-3/
Skip existing: https://mmsbaba.com/desi-bbw-wife-shows-nude-body/
Skip existing: https://mmsbaba.com/cute-desi-girl-nude-video-record-by-lover/
Skip existing: https://mmsbaba.com/sexy-bbw-paki-girl-shows-boobs-part-2/
Skip existing: https://mmsbaba.com/sexy-bbw-paki-girl-shows-boobs-part-1/
Skip existing: https://mmsbaba.com/sexy-desi-girl-blowjob-and-fucking-26/
Skip existing: https://mmsbaba.com/sexy-desi-girl-fucking-inn-doggy-style/
Skip existing: https://mmsbaba.com/sexy-desi-model-shows-boobs-2/
Skip existing: https://mmsbaba.com/sexy-desi-girl-bathing-shows-for-lover/
Skip existing: https://mmsbaba.com/cute-desi-girl-shows-boobs-127/
Skip existing: https://mmsbaba.com/horny-desi-vlg-girl-shows-and-fingering-part-5/
Skip existing: https://mmsbaba.com/horny-desi-vlg-girl-shows-and-fingering-part-4/
Skip existing: https://mmsbaba.com/horny-desi-vlg-girl-shows-and-fingering-part-3/
Skip existing: https://mmsbaba.com/horny-desi-vlg-girl-shows-and-fingering-part-2/
Posted: Horny Desi Vlg Girl Shows and Fingering Part 1
Posted: Sexy Desi Girl Blowjob and Fucking
Posted: Desi Girl Bathing Capture
Posted: Desi Shy Wife Blowjob and Fucking
Posted: Sexy Desi Girl Blowjob
Posted: Desi Vlg Girl Shows Nude Body
Posted: Desi Vlg Bhabhi Fingering
Posted: Desi Vlg Girl Shows Nude Body
Posted: Horny Desi Cpl Romance and Fucking
Posted: Horny Desi Girl Fingering
Posted: Sexy Desi Girl Shows Boobs and Pussy
Posted: Sexy Desi Girl Shows Nude Body On VC
Posted: Vlg Lesbo Bhabhi Boobs Sucking
Posted: Sexy Desi Girl Striping and Shows Nude Body
Posted: Sexy Desi Girl Boobs Pressing
Posted: Horny Desi Girl Masturbating
Posted: Desi Lover OutDoor Fucking
Posted: Desi Mallu Wife Give Handjob
Posted: Desi Wife Blowjob and Fucking
Posted: Desi Threesome Blowjob and Cum On Her Face
Posted: Desi Cpl Fucking
Posted: Desi Threesome Blowjob and Fucking
Posted: Desi Girl Shows Boobs
Posted: Horny Desi Girl Fingering
Posted: Desi Girl Shows and Pussy Fingering
Posted: Desi Girl Shows Pussy
Posted: Desi Bhabhi Shows Boobs
Posted: Desi Bhabhi Bathing Capture
Posted: Desi Girl Shows Boobs
Posted: Desi Tamil Wife Blowjob and Fucking
Posted: Desi Sleeping Wife Pussy Video Record By Hubby
Posted: Cute Desi Girl Play With Her Boobs
Posted: Desi Bhabhi Shows Nude Body
Posted: Cute Desi Girl Bathing
Posted: Horny Desi Aunty Wearing Cloths
Posted: Horny Desi Girl Shows Boobs
Posted: Horny Desi Girl Masturbating
Posted: Cute Desi Girl Shows her Boobs
Posted: Sexy Desi Girl Shows Nude Body
Posted: Desi Girl Shows her Boobs and Ass
2025-12-26T01:58:28.978572+00:00 run=043444ca0f26428d896310819a892436 target timeout after 1800s
2025-12-26T01:58:29.045778+00:00 run=043444ca0f26428d896310819a892436 target done exit=124
2025-12-26T01:58:29.141343+00:00 run=043444ca0f26428d896310819a892436 failed error=target exitCode=124
2025-12-26T02:34:13.241353+00:00 run=0381aedd83df4d2d9e117c74964ed6ad start
2025-12-26T02:34:13.251413+00:00 run=0381aedd83df4d2d9e117c74964ed6ad target start baseUrl=https://mmsbaba.com pageLimit=1 maxPosts=0 mode=details
2025-12-26T02:34:16.246655+00:00 run=0381aedd83df4d2d9e117c74964ed6ad listing_posts written count=390
{"count": 390}
Skip auto publish: AUTO_PUBLISH!=1
2025-12-26T02:34:16.359058+00:00 run=0381aedd83df4d2d9e117c74964ed6ad target done exit=0
2025-12-26T02:34:16.371628+00:00 run=0381aedd83df4d2d9e117c74964ed6ad succeeded
